C:\COURSE\CIS565\PROJECT2-STREAMCOMPACTION\PROJECT2\DEBUG\PROJECT2.EXE
C:\COURSE\CIS565\PROJECT2-STREAMCOMPACTION\PROJECT2\DEBUG\PROJECT2.ILK
C:\COURSE\CIS565\PROJECT2-STREAMCOMPACTION\PROJECT2\DEBUG\PROJECT2.PDB
C:\course\CIS565\Project2-StreamCompaction\Project2\Project2\Debug\cl.command.1.tlog
C:\course\CIS565\Project2-StreamCompaction\Project2\Project2\Debug\CL.read.1.tlog
C:\course\CIS565\Project2-StreamCompaction\Project2\Project2\Debug\CL.write.1.tlog
C:\course\CIS565\Project2-StreamCompaction\Project2\Project2\Debug\link.command.1.tlog
C:\course\CIS565\Project2-StreamCompaction\Project2\Project2\Debug\link.read.1.tlog
C:\course\CIS565\Project2-StreamCompaction\Project2\Project2\Debug\link.write.1.tlog
C:\COURSE\CIS565\PROJECT2-STREAMCOMPACTION\PROJECT2\PROJECT2\DEBUG\MAIN.OBJ
C:\course\CIS565\Project2-StreamCompaction\Project2\Project2\Debug\mt.command.1.tlog
C:\course\CIS565\Project2-StreamCompaction\Project2\Project2\Debug\mt.read.1.tlog
C:\course\CIS565\Project2-StreamCompaction\Project2\Project2\Debug\mt.write.1.tlog
C:\course\CIS565\Project2-StreamCompaction\Project2\Project2\Debug\prefixSum.cu.cache
C:\course\CIS565\Project2-StreamCompaction\Project2\Project2\Debug\prefixSum.cu.obj
C:\COURSE\CIS565\PROJECT2-STREAMCOMPACTION\PROJECT2\PROJECT2\DEBUG\PROJECT2.EXE.INTERMEDIATE.MANIFEST
C:\course\CIS565\Project2-StreamCompaction\Project2\Project2\Debug\Project2.vcxprojResolveAssemblyReference.cache
C:\course\CIS565\Project2-StreamCompaction\Project2\Project2\Debug\Project2.write.1.tlog
C:\course\CIS565\Project2-StreamCompaction\Project2\Project2\Debug\vc100.idb
C:\COURSE\CIS565\PROJECT2-STREAMCOMPACTION\PROJECT2\PROJECT2\DEBUG\VC100.PDB
